<?xml version="1.0" encoding="utf-8"?><testsuites name="pytest tests"><testsuite name="pytest" errors="0" failures="0" skipped="0" tests="28" time="3.952" timestamp="2026-07-03T16:48:12.894165+00:00" hostname="agent-env-3a351696-8c96-46f9-87dc-6c35d5bdd8ff"><testcase classname="backend.tests.test_phase2.TestAuth" name="test_auth_session_invalid_token_returns_401" time="0.415" /><testcase classname="backend.tests.test_phase2.TestAuth" name="test_auth_me_without_token_returns_401" time="0.058" /><testcase classname="backend.tests.test_phase2.TestAuth" name="test_auth_me_with_valid_token" time="0.052" /><testcase classname="backend.tests.test_phase2.TestAuth" name="test_auth_logout_deletes_session" time="0.095" /><testcase classname="backend.tests.test_phase2.TestSubscription" name="test_status_new_user_inactive" time="0.054" /><testcase classname="backend.tests.test_phase2.TestSubscription" name="test_status_requires_auth" time="0.049" /><testcase classname="backend.tests.test_phase2.TestSubscription" name="test_checkout_invalid_plan_returns_400" time="0.052" /><testcase classname="backend.tests.test_phase2.TestSubscription" name="test_checkout_monthly_returns_url" time="0.310" /><testcase classname="backend.tests.test_phase2.TestSubscription" name="test_checkout_yearly_returns_url" time="0.089" /><testcase classname="backend.tests.test_phase2.TestStripeWebhook" name="test_webhook_subscription_updated_activates_user" time="0.057" /><testcase classname="backend.tests.test_phase2.TestDedications" name="test_quota_new_user" time="0.051" /><testcase classname="backend.tests.test_phase2.TestDedications" name="test_create_dedication_decrements_quota" time="0.116" /><testcase classname="backend.tests.test_phase2.TestDedications" name="test_six_dedications_exceeds_quota" time="0.280" /><testcase classname="backend.tests.test_phase2.TestDedications" name="test_subscriber_unlimited" time="0.394" /><testcase classname="backend.tests.test_phase2.TestDedications" name="test_list_dedications_sorted_desc" time="0.347" /><testcase classname="backend.tests.test_phase2.TestDedications" name="test_delete_only_own" time="0.146" /><testcase classname="backend.tests.test_phase2.TestDedications" name="test_dedications_require_auth" time="0.135" /><testcase classname="backend.tests.test_phase2.TestFamilies" name="test_create_family" time="0.053" /><testcase classname="backend.tests.test_phase2.TestFamilies" name="test_join_family_invalid_code" time="0.050" /><testcase classname="backend.tests.test_phase2.TestFamilies" name="test_join_family_valid_code" time="0.098" /><testcase classname="backend.tests.test_phase2.TestFamilies" name="test_family_me_includes_members" time="0.150" /><testcase classname="backend.tests.test_phase2.TestFamilies" name="test_leave_family_last_owner_deletes" time="0.110" /><testcase classname="backend.tests.test_phase2.TestFamilies" name="test_leave_family_non_owner_stays" time="0.149" /><testcase classname="backend.tests.test_phase2.TestFamilies" name="test_family_endpoints_require_auth" time="0.222" /><testcase classname="backend.tests.test_phase2.TestV1Regression" name="test_root" time="0.046" /><testcase classname="backend.tests.test_phase2.TestV1Regression" name="test_hadith_daily" time="0.047" /><testcase classname="backend.tests.test_phase2.TestV1Regression" name="test_tasbih_flow" time="0.096" /><testcase classname="backend.tests.test_phase2.TestV1Regression" name="test_chat_history_empty_ok" time="0.054" /></testsuite></testsuites>