<?xml version="1.0" encoding="utf-8"?><testsuites name="pytest tests"><testsuite name="pytest" errors="0" failures="0" skipped="0" tests="8" time="13.448" timestamp="2026-07-03T16:07:18.805666+00:00" hostname="agent-env-3a351696-8c96-46f9-87dc-6c35d5bdd8ff"><testcase classname="backend.tests.backend_test.TestRoot" name="test_root_returns_arabic_name" time="0.153" /><testcase classname="backend.tests.backend_test.TestHadith" name="test_daily_hadith" time="0.047" /><testcase classname="backend.tests.backend_test.TestTasbih" name="test_get_initial_count_zero" time="0.050" /><testcase classname="backend.tests.backend_test.TestTasbih" name="test_post_upsert_and_persist" time="0.224" /><testcase classname="backend.tests.backend_test.TestChat" name="test_chat_returns_arabic_reply" time="11.780" /><testcase classname="backend.tests.backend_test.TestChat" name="test_chat_history_returns_messages" time="1.053" /><testcase classname="backend.tests.backend_test.TestCORS" name="test_cors_allows_browser" time="0.018" /><testcase classname="backend.tests.backend_test.TestCORS" name="test_cors_on_get" time="0.048" /></testsuite></testsuites>